<?xml version="1.0" encoding="utf-8"?><testsuites name="pytest tests"><testsuite name="pytest" errors="0" failures="0" skipped="0" tests="14" time="2.106" timestamp="2026-07-14T12:38:13.948432+00:00" hostname="agent-env-b55c1bac-e6a8-4670-b991-c61812e6e055"><testcase classname="tests.test_provider_routing.TestTextEndpointsNoImages" name="test_world_report_no_image_content" time="0.694" /><testcase classname="tests.test_provider_routing.TestCodeAudit" name="test_claude_used_only_in_claude_json" time="0.001" /><testcase classname="tests.test_provider_routing.TestCodeAudit" name="test_gemini_used_only_in_generate_scene_image" time="0.000" /><testcase classname="tests.test_provider_routing.TestCodeAudit" name="test_fallbacks_contain_no_image_data" time="0.000" /><testcase classname="tests.test_provider_routing.TestCodeAudit" name="test_error_strings_present_in_server" time="0.000" /><testcase classname="tests.test_provider_routing.TestCodeAudit" name="test_scene_image_request_has_new_fields" time="0.000" /><testcase classname="tests.test_provider_routing.TestSceneImageErrorMapping" name="test_scene_image_accepts_new_fields" time="0.753" /><testcase classname="tests.test_provider_routing.TestTextEndpointsNoImages" name="test_world_assets_no_image_content" time="0.207" /><testcase classname="tests.test_provider_routing.TestSceneImageErrorMapping" name="test_scene_image_exact_error_strings_on_failure" time="0.607" /><testcase classname="tests.test_provider_routing.TestTextEndpointsNoImages" name="test_storyboard_no_image_content" time="0.209" /><testcase classname="tests.test_provider_routing.TestTextEndpointsNoImages" name="test_scene_prompts_no_image_content" time="0.241" /><testcase classname="tests.test_provider_routing.TestProviderStatus" name="test_provider_status_returns_5_keys_with_purpose" time="0.139" /><testcase classname="tests.test_provider_routing.TestFrontendApiAudit" name="test_project_context_strips_image_data_url" time="0.001" /><testcase classname="tests.test_provider_routing.TestFrontendApiAudit" name="test_generate_scene_image_includes_consistency_notes" time="0.000" /></testsuite></testsuites>