<?xml version="1.0" encoding="utf-8"?><testsuites name="pytest tests"><testsuite name="pytest" errors="0" failures="0" skipped="0" tests="10" time="3.475" timestamp="2026-07-14T12:06:04.111434+00:00" hostname="agent-env-b55c1bac-e6a8-4670-b991-c61812e6e055"><testcase classname="tests.test_fallback_resilience.TestWorldReport" name="test_returns_200_with_or_without_fallback" time="1.813" /><testcase classname="tests.test_fallback_resilience.TestWorldAssets" name="test_returns_200_with_or_without_fallback" time="0.183" /><testcase classname="tests.test_fallback_resilience.TestStoryboard" name="test_returns_200_with_exactly_8_scenes" time="0.187" /><testcase classname="tests.test_fallback_resilience.TestScenePrompts" name="test_returns_200_with_prompts" time="0.222" /><testcase classname="tests.test_fallback_resilience.TestSceneImage" name="test_generates_with_base64_reference" time="0.172" /><testcase classname="tests.test_fallback_resilience.TestProviderStatus" name="test_provider_status_ok" time="0.138" /><testcase classname="tests.test_fallback_resilience.TestNoText5xx" name="test_world_report_no_5xx" time="0.176" /><testcase classname="tests.test_fallback_resilience.TestNoText5xx" name="test_world_assets_no_5xx" time="0.180" /><testcase classname="tests.test_fallback_resilience.TestNoText5xx" name="test_storyboard_no_5xx" time="0.171" /><testcase classname="tests.test_fallback_resilience.TestNoText5xx" name="test_scene_prompts_no_5xx" time="0.174" /></testsuite></testsuites>